{"/Users/jasoncarr/Desktop/SDC week24-29/reviews-api/db/postgres.js": {"path":"/Users/jasoncarr/Desktop/SDC week24-29/reviews-api/db/postgres.js","statementMap":{"0":{"start":{"line":1,"column":19},"end":{"line":1,"column":32}},"1":{"start":{"line":3,"column":23},"end":{"line":3,"column":81}},"2":{"start":{"line":4,"column":15},"end":{"line":6,"column":2}},"3":{"start":{"line":8,"column":0},"end":{"line":8,"column":17}},"4":{"start":{"line":10,"column":0},"end":{"line":10,"column":24}}},"fnMap":{},"branchMap":{},"s":{"0":1,"1":1,"2":1,"3":1,"4":1},"f":{},"b":{},"_coverageSchema":"1a1c01bbd47fc00a2c39e90264f33305004495a9","hash":"2e4747fbc21d4dee8c50ffd71fa200e3bc1d272e"}
,"/Users/jasoncarr/Desktop/SDC week24-29/reviews-api/models/index.js": {"path":"/Users/jasoncarr/Desktop/SDC week24-29/reviews-api/models/index.js","statementMap":{"0":{"start":{"line":1,"column":11},"end":{"line":1,"column":39}},"1":{"start":{"line":3,"column":0},"end":{"line":178,"column":2}},"2":{"start":{"line":7,"column":18},"end":{"line":7,"column":20}},"3":{"start":{"line":8,"column":22},"end":{"line":11,"column":5}},"4":{"start":{"line":12,"column":26},"end":{"line":12,"column":28}},"5":{"start":{"line":15,"column":4},"end":{"line":29,"column":9}},"6":{"start":{"line":18,"column":8},"end":{"line":24,"column":10}},"7":{"start":{"line":19,"column":10},"end":{"line":23,"column":11}},"8":{"start":{"line":20,"column":12},"end":{"line":20,"column":36}},"9":{"start":{"line":22,"column":12},"end":{"line":22,"column":34}},"10":{"start":{"line":27,"column":8},"end":{"line":27,"column":49}},"11":{"start":{"line":32,"column":4},"end":{"line":39,"column":9}},"12":{"start":{"line":35,"column":8},"end":{"line":35,"column":65}},"13":{"start":{"line":35,"column":35},"end":{"line":35,"column":63}},"14":{"start":{"line":38,"column":8},"end":{"line":38,"column":46}},"15":{"start":{"line":44,"column":4},"end":{"line":69,"column":9}},"16":{"start":{"line":46,"column":8},"end":{"line":54,"column":11}},"17":{"start":{"line":48,"column":12},"end":{"line":48,"column":54}},"18":{"start":{"line":49,"column":12},"end":{"line":53,"column":16}},"19":{"start":{"line":51,"column":46},"end":{"line":51,"column":70}},"20":{"start":{"line":52,"column":16},"end":{"line":52,"column":74}},"21":{"start":{"line":55,"column":10},"end":{"line":55,"column":17}},"22":{"start":{"line":58,"column":21},"end":{"line":63,"column":9}},"23":{"start":{"line":64,"column":8},"end":{"line":64,"column":30}},"24":{"start":{"line":67,"column":8},"end":{"line":67,"column":41}},"25":{"start":{"line":68,"column":8},"end":{"line":68,"column":30}},"26":{"start":{"line":71,"column":4},"end":{"line":71,"column":13}},"27":{"start":{"line":78,"column":22},"end":{"line":78,"column":118}},"28":{"start":{"line":80,"column":4},"end":{"line":108,"column":8}},"29":{"start":{"line":82,"column":22},"end":{"line":82,"column":34}},"30":{"start":{"line":84,"column":8},"end":{"line":92,"column":11}},"31":{"start":{"line":85,"column":10},"end":{"line":85,"column":52}},"32":{"start":{"line":86,"column":10},"end":{"line":86,"column":33}},"33":{"start":{"line":87,"column":10},"end":{"line":87,"column":34}},"34":{"start":{"line":88,"column":10},"end":{"line":88,"column":32}},"35":{"start":{"line":89,"column":10},"end":{"line":89,"column":24}},"36":{"start":{"line":90,"column":10},"end":{"line":90,"column":36}},"37":{"start":{"line":91,"column":10},"end":{"line":91,"column":26}},"38":{"start":{"line":93,"column":8},"end":{"line":93,"column":23}},"39":{"start":{"line":97,"column":8},"end":{"line":100,"column":9}},"40":{"start":{"line":98,"column":10},"end":{"line":99,"column":60}},"41":{"start":{"line":99,"column":31},"end":{"line":99,"column":59}},"42":{"start":{"line":101,"column":8},"end":{"line":101,"column":23}},"43":{"start":{"line":104,"column":8},"end":{"line":104,"column":32}},"44":{"start":{"line":107,"column":8},"end":{"line":107,"column":27}},"45":{"start":{"line":110,"column":4},"end":{"line":110,"column":13}},"46":{"start":{"line":117,"column":4},"end":{"line":149,"column":8}},"47":{"start":{"line":120,"column":23},"end":{"line":120,"column":40}},"48":{"start":{"line":123,"column":8},"end":{"line":129,"column":9}},"49":{"start":{"line":125,"column":10},"end":{"line":128,"column":14}},"50":{"start":{"line":127,"column":14},"end":{"line":127,"column":41}},"51":{"start":{"line":132,"column":8},"end":{"line":132,"column":24}},"52":{"start":{"line":138,"column":8},"end":{"line":143,"column":9}},"53":{"start":{"line":139,"column":10},"end":{"line":142,"column":14}},"54":{"start":{"line":141,"column":14},"end":{"line":141,"column":63}},"55":{"start":{"line":144,"column":8},"end":{"line":144,"column":44}},"56":{"start":{"line":147,"column":8},"end":{"line":147,"column":46}},"57":{"start":{"line":148,"column":8},"end":{"line":148,"column":28}},"58":{"start":{"line":151,"column":4},"end":{"line":151,"column":13}},"59":{"start":{"line":156,"column":4},"end":{"line":162,"column":7}},"60":{"start":{"line":157,"column":6},"end":{"line":161,"column":7}},"61":{"start":{"line":158,"column":8},"end":{"line":158,"column":28}},"62":{"start":{"line":160,"column":8},"end":{"line":160,"column":55}},"63":{"start":{"line":163,"column":4},"end":{"line":163,"column":13}},"64":{"start":{"line":168,"column":4},"end":{"line":174,"column":7}},"65":{"start":{"line":169,"column":6},"end":{"line":173,"column":7}},"66":{"start":{"line":170,"column":8},"end":{"line":170,"column":28}},"67":{"start":{"line":172,"column":8},"end":{"line":172,"column":54}},"68":{"start":{"line":175,"column":4},"end":{"line":175,"column":12}}},"fnMap":{"0":{"name":"(anonymous_0)","decl":{"start":{"line":4,"column":11},"end":{"line":4,"column":12}},"loc":{"start":{"line":4,"column":42},"end":{"line":73,"column":3}},"line":4},"1":{"name":"(anonymous_1)","decl":{"start":{"line":16,"column":12},"end":{"line":16,"column":13}},"loc":{"start":{"line":16,"column":22},"end":{"line":25,"column":7}},"line":16},"2":{"name":"(anonymous_2)","decl":{"start":{"line":18,"column":26},"end":{"line":18,"column":27}},"loc":{"start":{"line":18,"column":35},"end":{"line":24,"column":9}},"line":18},"3":{"name":"(anonymous_3)","decl":{"start":{"line":26,"column":13},"end":{"line":26,"column":14}},"loc":{"start":{"line":26,"column":24},"end":{"line":29,"column":7}},"line":26},"4":{"name":"(anonymous_4)","decl":{"start":{"line":34,"column":12},"end":{"line":34,"column":13}},"loc":{"start":{"line":34,"column":22},"end":{"line":36,"column":7}},"line":34},"5":{"name":"(anonymous_5)","decl":{"start":{"line":35,"column":26},"end":{"line":35,"column":27}},"loc":{"start":{"line":35,"column":35},"end":{"line":35,"column":63}},"line":35},"6":{"name":"(anonymous_6)","decl":{"start":{"line":37,"column":13},"end":{"line":37,"column":14}},"loc":{"start":{"line":37,"column":24},"end":{"line":39,"column":7}},"line":37},"7":{"name":"(anonymous_7)","decl":{"start":{"line":45,"column":13},"end":{"line":45,"column":14}},"loc":{"start":{"line":45,"column":29},"end":{"line":56,"column":9}},"line":45},"8":{"name":"(anonymous_8)","decl":{"start":{"line":50,"column":20},"end":{"line":50,"column":21}},"loc":{"start":{"line":50,"column":30},"end":{"line":53,"column":15}},"line":50},"9":{"name":"(anonymous_9)","decl":{"start":{"line":57,"column":12},"end":{"line":57,"column":13}},"loc":{"start":{"line":57,"column":18},"end":{"line":65,"column":7}},"line":57},"10":{"name":"(anonymous_10)","decl":{"start":{"line":66,"column":13},"end":{"line":66,"column":14}},"loc":{"start":{"line":66,"column":24},"end":{"line":69,"column":7}},"line":66},"11":{"name":"(anonymous_11)","decl":{"start":{"line":75,"column":14},"end":{"line":75,"column":15}},"loc":{"start":{"line":75,"column":38},"end":{"line":112,"column":3}},"line":75},"12":{"name":"(anonymous_12)","decl":{"start":{"line":81,"column":12},"end":{"line":81,"column":13}},"loc":{"start":{"line":81,"column":25},"end":{"line":94,"column":7}},"line":81},"13":{"name":"(anonymous_13)","decl":{"start":{"line":84,"column":24},"end":{"line":84,"column":25}},"loc":{"start":{"line":84,"column":33},"end":{"line":92,"column":9}},"line":84},"14":{"name":"(anonymous_14)","decl":{"start":{"line":95,"column":12},"end":{"line":95,"column":13}},"loc":{"start":{"line":95,"column":31},"end":{"line":102,"column":7}},"line":95},"15":{"name":"(anonymous_15)","decl":{"start":{"line":99,"column":18},"end":{"line":99,"column":19}},"loc":{"start":{"line":99,"column":31},"end":{"line":99,"column":59}},"line":99},"16":{"name":"(anonymous_16)","decl":{"start":{"line":103,"column":12},"end":{"line":103,"column":13}},"loc":{"start":{"line":103,"column":25},"end":{"line":105,"column":7}},"line":103},"17":{"name":"(anonymous_17)","decl":{"start":{"line":106,"column":13},"end":{"line":106,"column":14}},"loc":{"start":{"line":106,"column":22},"end":{"line":108,"column":7}},"line":106},"18":{"name":"(anonymous_18)","decl":{"start":{"line":114,"column":13},"end":{"line":114,"column":14}},"loc":{"start":{"line":114,"column":36},"end":{"line":152,"column":3}},"line":114},"19":{"name":"(anonymous_19)","decl":{"start":{"line":118,"column":13},"end":{"line":118,"column":14}},"loc":{"start":{"line":118,"column":31},"end":{"line":133,"column":7}},"line":118},"20":{"name":"(anonymous_20)","decl":{"start":{"line":126,"column":18},"end":{"line":126,"column":19}},"loc":{"start":{"line":126,"column":30},"end":{"line":128,"column":13}},"line":126},"21":{"name":"(anonymous_21)","decl":{"start":{"line":134,"column":13},"end":{"line":134,"column":14}},"loc":{"start":{"line":134,"column":34},"end":{"line":145,"column":7}},"line":134},"22":{"name":"(anonymous_22)","decl":{"start":{"line":140,"column":18},"end":{"line":140,"column":19}},"loc":{"start":{"line":140,"column":30},"end":{"line":142,"column":13}},"line":140},"23":{"name":"(anonymous_23)","decl":{"start":{"line":146,"column":13},"end":{"line":146,"column":14}},"loc":{"start":{"line":146,"column":22},"end":{"line":149,"column":7}},"line":146},"24":{"name":"(anonymous_24)","decl":{"start":{"line":154,"column":21},"end":{"line":154,"column":22}},"loc":{"start":{"line":154,"column":39},"end":{"line":164,"column":3}},"line":154},"25":{"name":"(anonymous_25)","decl":{"start":{"line":156,"column":82},"end":{"line":156,"column":83}},"loc":{"start":{"line":156,"column":96},"end":{"line":162,"column":5}},"line":156},"26":{"name":"(anonymous_26)","decl":{"start":{"line":166,"column":16},"end":{"line":166,"column":17}},"loc":{"start":{"line":166,"column":34},"end":{"line":176,"column":3}},"line":166},"27":{"name":"(anonymous_27)","decl":{"start":{"line":168,"column":68},"end":{"line":168,"column":69}},"loc":{"start":{"line":168,"column":82},"end":{"line":174,"column":5}},"line":168}},"branchMap":{"0":{"loc":{"start":{"line":19,"column":10},"end":{"line":23,"column":11}},"type":"if","locations":[{"start":{"line":19,"column":10},"end":{"line":23,"column":11}},{"start":{"line":19,"column":10},"end":{"line":23,"column":11}}],"line":19},"1":{"loc":{"start":{"line":157,"column":6},"end":{"line":161,"column":7}},"type":"if","locations":[{"start":{"line":157,"column":6},"end":{"line":161,"column":7}},{"start":{"line":157,"column":6},"end":{"line":161,"column":7}}],"line":157},"2":{"loc":{"start":{"line":169,"column":6},"end":{"line":173,"column":7}},"type":"if","locations":[{"start":{"line":169,"column":6},"end":{"line":173,"column":7}},{"start":{"line":169,"column":6},"end":{"line":173,"column":7}}],"line":169}},"s":{"0":1,"1":1,"2":0,"3":0,"4":0,"5":0,"6":0,"7":0,"8":0,"9":0,"10":0,"11":0,"12":0,"13":0,"14":0,"15":0,"16":0,"17":0,"18":0,"19":0,"20":0,"21":0,"22":0,"23":0,"24":0,"25":0,"26":0,"27":4,"28":4,"29":1,"30":1,"31":2,"32":2,"33":2,"34":2,"35":2,"36":2,"37":2,"38":1,"39":1,"40":2,"41":2,"42":1,"43":1,"44":3,"45":4,"46":0,"47":0,"48":0,"49":0,"50":0,"51":0,"52":0,"53":0,"54":0,"55":0,"56":0,"57":0,"58":0,"59":0,"60":0,"61":0,"62":0,"63":0,"64":0,"65":0,"66":0,"67":0,"68":0},"f":{"0":0,"1":0,"2":0,"3":0,"4":0,"5":0,"6":0,"7":0,"8":0,"9":0,"10":0,"11":4,"12":1,"13":2,"14":1,"15":2,"16":1,"17":3,"18":0,"19":0,"20":0,"21":0,"22":0,"23":0,"24":0,"25":0,"26":0,"27":0},"b":{"0":[0,0],"1":[0,0],"2":[0,0]},"_coverageSchema":"1a1c01bbd47fc00a2c39e90264f33305004495a9","hash":"fddfdbc61d2dfe1134b7a90be48c02aa1441e46a"}
,"/Users/jasoncarr/Desktop/SDC week24-29/reviews-api/server/app.js": {"path":"/Users/jasoncarr/Desktop/SDC week24-29/reviews-api/server/app.js","statementMap":{"0":{"start":{"line":1,"column":16},"end":{"line":1,"column":34}},"1":{"start":{"line":2,"column":15},"end":{"line":2,"column":44}},"2":{"start":{"line":3,"column":12},"end":{"line":3,"column":21}},"3":{"start":{"line":6,"column":0},"end":{"line":33,"column":3}},"4":{"start":{"line":16,"column":2},"end":{"line":32,"column":5}},"5":{"start":{"line":17,"column":4},"end":{"line":31,"column":5}},"6":{"start":{"line":18,"column":6},"end":{"line":18,"column":32}},"7":{"start":{"line":19,"column":6},"end":{"line":19,"column":26}},"8":{"start":{"line":22,"column":19},"end":{"line":27,"column":7}},"9":{"start":{"line":29,"column":6},"end":{"line":29,"column":22}},"10":{"start":{"line":30,"column":6},"end":{"line":30,"column":23}},"11":{"start":{"line":35,"column":0},"end":{"line":60,"column":3}},"12":{"start":{"line":37,"column":16},"end":{"line":48,"column":3}},"13":{"start":{"line":50,"column":2},"end":{"line":58,"column":5}},"14":{"start":{"line":51,"column":4},"end":{"line":57,"column":5}},"15":{"start":{"line":52,"column":6},"end":{"line":52,"column":42}},"16":{"start":{"line":54,"column":6},"end":{"line":54,"column":44}},"17":{"start":{"line":62,"column":0},"end":{"line":75,"column":3}},"18":{"start":{"line":65,"column":2},"end":{"line":74,"column":5}},"19":{"start":{"line":66,"column":4},"end":{"line":73,"column":5}},"20":{"start":{"line":68,"column":6},"end":{"line":68,"column":26}},"21":{"start":{"line":71,"column":6},"end":{"line":71,"column":21}},"22":{"start":{"line":72,"column":6},"end":{"line":72,"column":20}},"23":{"start":{"line":77,"column":0},"end":{"line":88,"column":3}},"24":{"start":{"line":79,"column":2},"end":{"line":87,"column":5}},"25":{"start":{"line":80,"column":4},"end":{"line":86,"column":5}},"26":{"start":{"line":81,"column":6},"end":{"line":81,"column":47}},"27":{"start":{"line":83,"column":6},"end":{"line":83,"column":49}},"28":{"start":{"line":84,"column":6},"end":{"line":84,"column":21}},"29":{"start":{"line":85,"column":6},"end":{"line":85,"column":16}},"30":{"start":{"line":90,"column":0},"end":{"line":101,"column":3}},"31":{"start":{"line":92,"column":2},"end":{"line":100,"column":5}},"32":{"start":{"line":93,"column":4},"end":{"line":99,"column":5}},"33":{"start":{"line":94,"column":6},"end":{"line":94,"column":43}},"34":{"start":{"line":96,"column":6},"end":{"line":96,"column":45}},"35":{"start":{"line":103,"column":0},"end":{"line":103,"column":21}}},"fnMap":{"0":{"name":"(anonymous_0)","decl":{"start":{"line":6,"column":20},"end":{"line":6,"column":21}},"loc":{"start":{"line":6,"column":34},"end":{"line":33,"column":1}},"line":6},"1":{"name":"(anonymous_1)","decl":{"start":{"line":16,"column":42},"end":{"line":16,"column":43}},"loc":{"start":{"line":16,"column":57},"end":{"line":32,"column":3}},"line":16},"2":{"name":"(anonymous_2)","decl":{"start":{"line":35,"column":21},"end":{"line":35,"column":22}},"loc":{"start":{"line":35,"column":35},"end":{"line":60,"column":1}},"line":35},"3":{"name":"(anonymous_3)","decl":{"start":{"line":50,"column":28},"end":{"line":50,"column":29}},"loc":{"start":{"line":50,"column":43},"end":{"line":58,"column":3}},"line":50},"4":{"name":"(anonymous_4)","decl":{"start":{"line":62,"column":25},"end":{"line":62,"column":26}},"loc":{"start":{"line":62,"column":39},"end":{"line":75,"column":1}},"line":62},"5":{"name":"(anonymous_5)","decl":{"start":{"line":65,"column":39},"end":{"line":65,"column":40}},"loc":{"start":{"line":65,"column":54},"end":{"line":74,"column":3}},"line":65},"6":{"name":"(anonymous_6)","decl":{"start":{"line":77,"column":39},"end":{"line":77,"column":40}},"loc":{"start":{"line":77,"column":53},"end":{"line":88,"column":1}},"line":77},"7":{"name":"(anonymous_7)","decl":{"start":{"line":79,"column":49},"end":{"line":79,"column":50}},"loc":{"start":{"line":79,"column":58},"end":{"line":87,"column":3}},"line":79},"8":{"name":"(anonymous_8)","decl":{"start":{"line":90,"column":38},"end":{"line":90,"column":39}},"loc":{"start":{"line":90,"column":52},"end":{"line":101,"column":1}},"line":90},"9":{"name":"(anonymous_9)","decl":{"start":{"line":92,"column":44},"end":{"line":92,"column":45}},"loc":{"start":{"line":92,"column":53},"end":{"line":100,"column":3}},"line":92}},"branchMap":{"0":{"loc":{"start":{"line":17,"column":4},"end":{"line":31,"column":5}},"type":"if","locations":[{"start":{"line":17,"column":4},"end":{"line":31,"column":5}},{"start":{"line":17,"column":4},"end":{"line":31,"column":5}}],"line":17},"1":{"loc":{"start":{"line":24,"column":14},"end":{"line":24,"column":33}},"type":"binary-expr","locations":[{"start":{"line":24,"column":14},"end":{"line":24,"column":28}},{"start":{"line":24,"column":32},"end":{"line":24,"column":33}}],"line":24},"2":{"loc":{"start":{"line":51,"column":4},"end":{"line":57,"column":5}},"type":"if","locations":[{"start":{"line":51,"column":4},"end":{"line":57,"column":5}},{"start":{"line":51,"column":4},"end":{"line":57,"column":5}}],"line":51},"3":{"loc":{"start":{"line":66,"column":4},"end":{"line":73,"column":5}},"type":"if","locations":[{"start":{"line":66,"column":4},"end":{"line":73,"column":5}},{"start":{"line":66,"column":4},"end":{"line":73,"column":5}}],"line":66},"4":{"loc":{"start":{"line":80,"column":4},"end":{"line":86,"column":5}},"type":"if","locations":[{"start":{"line":80,"column":4},"end":{"line":86,"column":5}},{"start":{"line":80,"column":4},"end":{"line":86,"column":5}}],"line":80},"5":{"loc":{"start":{"line":93,"column":4},"end":{"line":99,"column":5}},"type":"if","locations":[{"start":{"line":93,"column":4},"end":{"line":99,"column":5}},{"start":{"line":93,"column":4},"end":{"line":99,"column":5}}],"line":93}},"s":{"0":1,"1":1,"2":1,"3":1,"4":4,"5":4,"6":3,"7":3,"8":1,"9":1,"10":1,"11":1,"12":0,"13":0,"14":0,"15":0,"16":0,"17":1,"18":0,"19":0,"20":0,"21":0,"22":0,"23":1,"24":0,"25":0,"26":0,"27":0,"28":0,"29":0,"30":1,"31":0,"32":0,"33":0,"34":0,"35":1},"f":{"0":4,"1":4,"2":0,"3":0,"4":0,"5":0,"6":0,"7":0,"8":0,"9":0},"b":{"0":[3,1],"1":[1,1],"2":[0,0],"3":[0,0],"4":[0,0],"5":[0,0]},"_coverageSchema":"1a1c01bbd47fc00a2c39e90264f33305004495a9","hash":"eb7fbcbdc6622ae0a3129eddb55294f402753c9c"}
}
