TN:
SF:db/postgres.js
FNF:0
FNH:0
DA:1,1
DA:3,1
DA:4,1
DA:8,1
DA:10,1
LF:5
LH:5
BRF:0
BRH:0
end_of_record
TN:
SF:models/index.js
FN:4,(anonymous_0)
FN:16,(anonymous_1)
FN:18,(anonymous_2)
FN:26,(anonymous_3)
FN:34,(anonymous_4)
FN:35,(anonymous_5)
FN:37,(anonymous_6)
FN:45,(anonymous_7)
FN:50,(anonymous_8)
FN:57,(anonymous_9)
FN:66,(anonymous_10)
FN:75,(anonymous_11)
FN:81,(anonymous_12)
FN:84,(anonymous_13)
FN:95,(anonymous_14)
FN:99,(anonymous_15)
FN:103,(anonymous_16)
FN:106,(anonymous_17)
FN:114,(anonymous_18)
FN:118,(anonymous_19)
FN:126,(anonymous_20)
FN:134,(anonymous_21)
FN:140,(anonymous_22)
FN:146,(anonymous_23)
FN:154,(anonymous_24)
FN:156,(anonymous_25)
FN:166,(anonymous_26)
FN:168,(anonymous_27)
FNF:28
FNH:7
FNDA:0,(anonymous_0)
FNDA:0,(anonymous_1)
FNDA:0,(anonymous_2)
FNDA:0,(anonymous_3)
FNDA:0,(anonymous_4)
FNDA:0,(anonymous_5)
FNDA:0,(anonymous_6)
FNDA:0,(anonymous_7)
FNDA:0,(anonymous_8)
FNDA:0,(anonymous_9)
FNDA:0,(anonymous_10)
FNDA:4,(anonymous_11)
FNDA:1,(anonymous_12)
FNDA:2,(anonymous_13)
FNDA:1,(anonymous_14)
FNDA:2,(anonymous_15)
FNDA:1,(anonymous_16)
FNDA:3,(anonymous_17)
FNDA:0,(anonymous_18)
FNDA:0,(anonymous_19)
FNDA:0,(anonymous_20)
FNDA:0,(anonymous_21)
FNDA:0,(anonymous_22)
FNDA:0,(anonymous_23)
FNDA:0,(anonymous_24)
FNDA:0,(anonymous_25)
FNDA:0,(anonymous_26)
FNDA:0,(anonymous_27)
DA:1,1
DA:3,1
DA:7,0
DA:8,0
DA:12,0
DA:15,0
DA:18,0
DA:19,0
DA:20,0
DA:22,0
DA:27,0
DA:32,0
DA:35,0
DA:38,0
DA:44,0
DA:46,0
DA:48,0
DA:49,0
DA:51,0
DA:52,0
DA:55,0
DA:58,0
DA:64,0
DA:67,0
DA:68,0
DA:71,0
DA:78,4
DA:80,4
DA:82,1
DA:84,1
DA:85,2
DA:86,2
DA:87,2
DA:88,2
DA:89,2
DA:90,2
DA:91,2
DA:93,1
DA:97,1
DA:98,2
DA:99,2
DA:101,1
DA:104,1
DA:107,3
DA:110,4
DA:117,0
DA:120,0
DA:123,0
DA:125,0
DA:127,0
DA:132,0
DA:138,0
DA:139,0
DA:141,0
DA:144,0
DA:147,0
DA:148,0
DA:151,0
DA:156,0
DA:157,0
DA:158,0
DA:160,0
DA:163,0
DA:168,0
DA:169,0
DA:170,0
DA:172,0
DA:175,0
LF:68
LH:21
BRDA:19,0,0,0
BRDA:19,0,1,0
BRDA:157,1,0,0
BRDA:157,1,1,0
BRDA:169,2,0,0
BRDA:169,2,1,0
BRF:6
BRH:0
end_of_record
TN:
SF:server/app.js
FN:6,(anonymous_0)
FN:16,(anonymous_1)
FN:35,(anonymous_2)
FN:50,(anonymous_3)
FN:62,(anonymous_4)
FN:65,(anonymous_5)
FN:77,(anonymous_6)
FN:79,(anonymous_7)
FN:90,(anonymous_8)
FN:92,(anonymous_9)
FNF:10
FNH:2
FNDA:4,(anonymous_0)
FNDA:4,(anonymous_1)
FNDA:0,(anonymous_2)
FNDA:0,(anonymous_3)
FNDA:0,(anonymous_4)
FNDA:0,(anonymous_5)
FNDA:0,(anonymous_6)
FNDA:0,(anonymous_7)
FNDA:0,(anonymous_8)
FNDA:0,(anonymous_9)
DA:1,1
DA:2,1
DA:3,1
DA:6,1
DA:16,4
DA:17,4
DA:18,3
DA:19,3
DA:22,1
DA:29,1
DA:30,1
DA:35,1
DA:37,0
DA:50,0
DA:51,0
DA:52,0
DA:54,0
DA:62,1
DA:65,0
DA:66,0
DA:68,0
DA:71,0
DA:72,0
DA:77,1
DA:79,0
DA:80,0
DA:81,0
DA:83,0
DA:84,0
DA:85,0
DA:90,1
DA:92,0
DA:93,0
DA:94,0
DA:96,0
DA:103,1
LF:36
LH:16
BRDA:17,0,0,3
BRDA:17,0,1,1
BRDA:24,1,0,1
BRDA:24,1,1,1
BRDA:51,2,0,0
BRDA:51,2,1,0
BRDA:66,3,0,0
BRDA:66,3,1,0
BRDA:80,4,0,0
BRDA:80,4,1,0
BRDA:93,5,0,0
BRDA:93,5,1,0
BRF:12
BRH:4
end_of_record
